<?xml version="1.0" encoding="UTF-8"?>
<!-- Generated by org.testng.reporters.JUnitReportReporter -->
<testsuite skipped="0" hostname="DESKTOP-R88R93T" name="com.training.sanity.tests.LogoutTests" tests="1" failures="0" timestamp="2020-07-02T18:16:57 IST" time="4.380" errors="0">
  <testcase name="ClickLogoutTest" time="4.380" classname="com.training.sanity.tests.LogoutTests"/>
  <system-out/>
</testsuite> <!-- com.training.sanity.tests.LogoutTests -->
