<?xml version="1.0" encoding="UTF-8"?>
<!-- Generated by org.testng.reporters.JUnitReportReporter -->
<testsuite skipped="0" hostname="DESKTOP-R88R93T" name="com.training.sanity.tests.DiscussInForum" tests="1" failures="0" timestamp="2020-07-08T00:07:49 IST" time="44.222" errors="0">
  <testcase name="DiscussInForumTest" time="44.222" classname="com.training.sanity.tests.DiscussInForum"/>
  <system-out/>
</testsuite> <!-- com.training.sanity.tests.DiscussInForum -->
