<?xml version="1.0" encoding="UTF-8"?>
<!-- Generated by org.testng.reporters.JUnitReportReporter -->
<testsuite skipped="0" hostname="DESKTOP-R88R93T" name="com.training.sanity.tests.TestCreationEvaluationTests" tests="7" failures="0" timestamp="2020-07-14T23:26:08 IST" time="63.143" errors="0">
  <testcase name="validLoginTest" time="3.562" classname="com.training.sanity.tests.TestCreationEvaluationTests"/>
  <system-out/>
  <testcase name="createTest" time="35.651" classname="com.training.sanity.tests.TestCreationEvaluationTests"/>
  <system-out/>
  <testcase name="validLogoutTest" time="1.054" classname="com.training.sanity.tests.TestCreationEvaluationTests"/>
  <system-out/>
  <testcase name="studentLoginTest" time="11.966" classname="com.training.sanity.tests.TestCreationEvaluationTests"/>
  <system-out/>
  <testcase name="studentLogoutTest" time="1.042" classname="com.training.sanity.tests.TestCreationEvaluationTests"/>
  <system-out/>
  <testcase name="teacherLoginTest" time="1.846" classname="com.training.sanity.tests.TestCreationEvaluationTests"/>
  <system-out/>
  <testcase name="evaluateTest" time="8.022" classname="com.training.sanity.tests.TestCreationEvaluationTests"/>
  <system-out/>
</testsuite> <!-- com.training.sanity.tests.TestCreationEvaluationTests -->
