<?xml version="1.0" encoding="UTF-8"?>
<!-- Generated by org.testng.reporters.JUnitReportReporter -->
<testsuite skipped="0" hostname="DESKTOP-R88R93T" name="com.training.sanity.tests.CourseDescriptionTests" tests="1" failures="0" timestamp="2020-07-02T18:17:29 IST" time="7.961" errors="0">
  <testcase name="MyCourseTest" time="7.961" classname="com.training.sanity.tests.CourseDescriptionTests"/>
  <system-out/>
</testsuite> <!-- com.training.sanity.tests.CourseDescriptionTests -->
